<?xml version="1.0" encoding="UTF-8"?>
<!-- Generated by org.testng.reporters.JUnitXMLReporter -->
<testsuite ignored="0" hostname="DESKTOP-64I2TDN" failures="0" tests="6" name="Default test" time="20.784" errors="0" timestamp="2024-03-15T12:27:40 IST">
  <testcase classname="api.tests.DataDrivenTest2" name="testPostUser" time="6.143"/>
  <testcase classname="api.tests.DataDrivenTest2" name="testPostUser" time="1.704"/>
  <testcase classname="api.tests.DataDrivenTest2" name="testPostUser" time="1.75"/>
  <testcase classname="api.tests.DataDrivenTest2" name="testDeleteUser" time="1.676"/>
  <testcase classname="api.tests.DataDrivenTest2" name="testDeleteUser" time="1.652"/>
  <testcase classname="api.tests.DataDrivenTest2" name="testDeleteUser" time="1.752"/>
</testsuite> <!-- Default test -->
