<?xml version="1.0" encoding="UTF-8"?>
<!-- Generated by org.testng.reporters.JUnitXMLReporter -->
<testsuite ignored="0" hostname="DESKTOP-64I2TDN" failures="0" tests="6" name="PetStoreTest" time="21.256" errors="0" timestamp="2024-03-15T11:48:10 IST">
  <testcase classname="api.tests.DataDrivenTest" name="testPostUser" time="6.226"/>
  <testcase classname="api.tests.DataDrivenTest" name="testPostUser" time="1.885"/>
  <testcase classname="api.tests.DataDrivenTest" name="testPostUser" time="2.14"/>
  <testcase classname="api.tests.DataDrivenTest" name="testDeleteUser" time="1.964"/>
  <testcase classname="api.tests.DataDrivenTest" name="testDeleteUser" time="1.909"/>
  <testcase classname="api.tests.DataDrivenTest" name="testDeleteUser" time="1.735"/>
</testsuite> <!-- PetStoreTest -->
