<?xml version="1.0" encoding="UTF-8"?>
<!-- Generated by org.testng.reporters.JUnitXMLReporter -->
<testsuite ignored="0" hostname="DESKTOP-64I2TDN" failures="0" tests="6" name="PetStoreTest" time="37.264" errors="0" timestamp="2024-03-15T19:05:49 IST">
  <testcase classname="api.tests.DataDrivenTest" name="testPostUser" time="9.078"/>
  <testcase classname="api.tests.DataDrivenTest" name="testPostUser" time="3.212"/>
  <testcase classname="api.tests.DataDrivenTest" name="testPostUser" time="2.079"/>
  <testcase classname="api.tests.DataDrivenTest" name="testDeleteUser" time="7.863"/>
  <testcase classname="api.tests.DataDrivenTest" name="testDeleteUser" time="6.451"/>
  <testcase classname="api.tests.DataDrivenTest" name="testDeleteUser" time="2.903"/>
</testsuite> <!-- PetStoreTest -->
