<?xml version="1.0" encoding="UTF-8"?>
<!-- Generated by org.testng.reporters.JUnitXMLReporter -->
<testsuite ignored="0" hostname="DESKTOP-64I2TDN" failures="0" tests="6" name="PetStoreTest" time="20.543" errors="0" timestamp="2024-03-15T15:25:35 IST">
  <testcase classname="api.tests.DataDrivenTest" name="testPostUser" time="6.297"/>
  <testcase classname="api.tests.DataDrivenTest" name="testPostUser" time="1.878"/>
  <testcase classname="api.tests.DataDrivenTest" name="testPostUser" time="1.963"/>
  <testcase classname="api.tests.DataDrivenTest" name="testDeleteUser" time="1.738"/>
  <testcase classname="api.tests.DataDrivenTest" name="testDeleteUser" time="1.757"/>
  <testcase classname="api.tests.DataDrivenTest" name="testDeleteUser" time="1.764"/>
</testsuite> <!-- PetStoreTest -->
