<?xml version="1.0" encoding="UTF-8"?>
<testng-results ignored="0" total="6" passed="6" failed="0" skipped="0">
  <reporter-output>
  </reporter-output>
  <suite started-at="2024-03-15T19:05:07 IST" name="Suite" finished-at="2024-03-15T19:05:44 IST" duration-ms="37264">
    <groups>
    </groups>
    <test started-at="2024-03-15T19:05:07 IST" name="PetStoreTest" finished-at="2024-03-15T19:05:44 IST" duration-ms="37264">
      <class name="api.tests.DataDrivenTest">
        <test-method signature="testPostUser([Ljava.lang.String;)[pri:1, instance:api.tests.DataDrivenTest@12aba8be]" started-at="2024-03-15T19:05:12 IST" name="testPostUser" data-provider="ExcelData" finished-at="2024-03-15T19:05:21 IST" duration-ms="9078" status="PASS">
          <params>
            <param index="0">
              <value>
                <![CDATA[[Ljava.lang.String;@5176d279]]>
              </value>
            </param>
          </params>
          <reporter-output>
          </reporter-output>
        </test-method> <!-- testPostUser -->
        <test-method signature="testPostUser([Ljava.lang.String;)[pri:1, instance:api.tests.DataDrivenTest@12aba8be]" started-at="2024-03-15T19:05:21 IST" name="testPostUser" data-provider="ExcelData" finished-at="2024-03-15T19:05:24 IST" duration-ms="3212" status="PASS">
          <params>
            <param index="0">
              <value>
                <![CDATA[[Ljava.lang.String;@259195fe]]>
              </value>
            </param>
          </params>
          <reporter-output>
          </reporter-output>
        </test-method> <!-- testPostUser -->
        <test-method signature="testPostUser([Ljava.lang.String;)[pri:1, instance:api.tests.DataDrivenTest@12aba8be]" started-at="2024-03-15T19:05:25 IST" name="testPostUser" data-provider="ExcelData" finished-at="2024-03-15T19:05:27 IST" duration-ms="2079" status="PASS">
          <params>
            <param index="0">
              <value>
                <![CDATA[[Ljava.lang.String;@2b395581]]>
              </value>
            </param>
          </params>
          <reporter-output>
          </reporter-output>
        </test-method> <!-- testPostUser -->
        <test-method signature="testDeleteUser([Ljava.lang.String;)[pri:2, instance:api.tests.DataDrivenTest@12aba8be]" started-at="2024-03-15T19:05:27 IST" name="testDeleteUser" data-provider="idProvider" finished-at="2024-03-15T19:05:35 IST" duration-ms="7863" status="PASS">
          <params>
            <param index="0">
              <value>
                <![CDATA[[Ljava.lang.String;@65e620b0]]>
              </value>
            </param>
          </params>
          <reporter-output>
          </reporter-output>
        </test-method> <!-- testDeleteUser -->
        <test-method signature="testDeleteUser([Ljava.lang.String;)[pri:2, instance:api.tests.DataDrivenTest@12aba8be]" started-at="2024-03-15T19:05:35 IST" name="testDeleteUser" data-provider="idProvider" finished-at="2024-03-15T19:05:42 IST" duration-ms="6451" status="PASS">
          <params>
            <param index="0">
              <value>
                <![CDATA[[Ljava.lang.String;@3f06ebe0]]>
              </value>
            </param>
          </params>
          <reporter-output>
          </reporter-output>
        </test-method> <!-- testDeleteUser -->
        <test-method signature="testDeleteUser([Ljava.lang.String;)[pri:2, instance:api.tests.DataDrivenTest@12aba8be]" started-at="2024-03-15T19:05:42 IST" name="testDeleteUser" data-provider="idProvider" finished-at="2024-03-15T19:05:44 IST" duration-ms="2903" status="PASS">
          <params>
            <param index="0">
              <value>
                <![CDATA[[Ljava.lang.String;@995ad50]]>
              </value>
            </param>
          </params>
          <reporter-output>
          </reporter-output>
        </test-method> <!-- testDeleteUser -->
      </class> <!-- api.tests.DataDrivenTest -->
    </test> <!-- PetStoreTest -->
  </suite> <!-- Suite -->
</testng-results>
