<?xml version="1.0" encoding="UTF-8"?>
<testng-results ignored="0" total="6" passed="6" failed="0" skipped="0">
  <reporter-output>
  </reporter-output>
  <suite started-at="2024-03-15T15:25:13 IST" name="Suite" finished-at="2024-03-15T15:25:34 IST" duration-ms="20543">
    <groups>
    </groups>
    <test started-at="2024-03-15T15:25:13 IST" name="PetStoreTest" finished-at="2024-03-15T15:25:34 IST" duration-ms="20543">
      <class name="api.tests.DataDrivenTest">
        <test-method signature="testPostUser([Ljava.lang.String;)[pri:1, instance:api.tests.DataDrivenTest@12aba8be]" started-at="2024-03-15T15:25:18 IST" name="testPostUser" data-provider="ExcelData" finished-at="2024-03-15T15:25:24 IST" duration-ms="6297" status="PASS">
          <params>
            <param index="0">
              <value>
                <![CDATA[[Ljava.lang.String;@5176d279]]>
              </value>
            </param>
          </params>
          <reporter-output>
          </reporter-output>
        </test-method> <!-- testPostUser -->
        <test-method signature="testPostUser([Ljava.lang.String;)[pri:1, instance:api.tests.DataDrivenTest@12aba8be]" started-at="2024-03-15T15:25:24 IST" name="testPostUser" data-provider="ExcelData" finished-at="2024-03-15T15:25:26 IST" duration-ms="1878" status="PASS">
          <params>
            <param index="0">
              <value>
                <![CDATA[[Ljava.lang.String;@259195fe]]>
              </value>
            </param>
          </params>
          <reporter-output>
          </reporter-output>
        </test-method> <!-- testPostUser -->
        <test-method signature="testPostUser([Ljava.lang.String;)[pri:1, instance:api.tests.DataDrivenTest@12aba8be]" started-at="2024-03-15T15:25:26 IST" name="testPostUser" data-provider="ExcelData" finished-at="2024-03-15T15:25:28 IST" duration-ms="1963" status="PASS">
          <params>
            <param index="0">
              <value>
                <![CDATA[[Ljava.lang.String;@2b395581]]>
              </value>
            </param>
          </params>
          <reporter-output>
          </reporter-output>
        </test-method> <!-- testPostUser -->
        <test-method signature="testDeleteUser([Ljava.lang.String;)[pri:2, instance:api.tests.DataDrivenTest@12aba8be]" started-at="2024-03-15T15:25:28 IST" name="testDeleteUser" data-provider="idProvider" finished-at="2024-03-15T15:25:30 IST" duration-ms="1738" status="PASS">
          <params>
            <param index="0">
              <value>
                <![CDATA[[Ljava.lang.String;@65e620b0]]>
              </value>
            </param>
          </params>
          <reporter-output>
          </reporter-output>
        </test-method> <!-- testDeleteUser -->
        <test-method signature="testDeleteUser([Ljava.lang.String;)[pri:2, instance:api.tests.DataDrivenTest@12aba8be]" started-at="2024-03-15T15:25:30 IST" name="testDeleteUser" data-provider="idProvider" finished-at="2024-03-15T15:25:32 IST" duration-ms="1757" status="PASS">
          <params>
            <param index="0">
              <value>
                <![CDATA[[Ljava.lang.String;@3f06ebe0]]>
              </value>
            </param>
          </params>
          <reporter-output>
          </reporter-output>
        </test-method> <!-- testDeleteUser -->
        <test-method signature="testDeleteUser([Ljava.lang.String;)[pri:2, instance:api.tests.DataDrivenTest@12aba8be]" started-at="2024-03-15T15:25:32 IST" name="testDeleteUser" data-provider="idProvider" finished-at="2024-03-15T15:25:34 IST" duration-ms="1764" status="PASS">
          <params>
            <param index="0">
              <value>
                <![CDATA[[Ljava.lang.String;@995ad50]]>
              </value>
            </param>
          </params>
          <reporter-output>
          </reporter-output>
        </test-method> <!-- testDeleteUser -->
      </class> <!-- api.tests.DataDrivenTest -->
    </test> <!-- PetStoreTest -->
  </suite> <!-- Suite -->
</testng-results>
