<?xml version="1.0" encoding="UTF-8"?>
<testng-results ignored="0" total="6" passed="6" failed="0" skipped="0">
  <reporter-output>
  </reporter-output>
  <suite started-at="2024-03-15T12:27:19 IST" name="Default suite" finished-at="2024-03-15T12:27:40 IST" duration-ms="20784">
    <groups>
    </groups>
    <test started-at="2024-03-15T12:27:19 IST" name="Default test" finished-at="2024-03-15T12:27:40 IST" duration-ms="20784">
      <class name="api.tests.DataDrivenTest2">
        <test-method signature="testPostUser([Ljava.lang.String;)[pri:1, instance:api.tests.DataDrivenTest2@47e2e487]" started-at="2024-03-15T12:27:25 IST" name="testPostUser" data-provider="ExcelData" finished-at="2024-03-15T12:27:31 IST" duration-ms="6143" status="PASS">
          <params>
            <param index="0">
              <value>
                <![CDATA[[Ljava.lang.String;@6e73974]]>
              </value>
            </param>
          </params>
          <reporter-output>
          </reporter-output>
        </test-method> <!-- testPostUser -->
        <test-method signature="testPostUser([Ljava.lang.String;)[pri:1, instance:api.tests.DataDrivenTest2@47e2e487]" started-at="2024-03-15T12:27:31 IST" name="testPostUser" data-provider="ExcelData" finished-at="2024-03-15T12:27:33 IST" duration-ms="1704" status="PASS">
          <params>
            <param index="0">
              <value>
                <![CDATA[[Ljava.lang.String;@44eb2452]]>
              </value>
            </param>
          </params>
          <reporter-output>
          </reporter-output>
        </test-method> <!-- testPostUser -->
        <test-method signature="testPostUser([Ljava.lang.String;)[pri:1, instance:api.tests.DataDrivenTest2@47e2e487]" started-at="2024-03-15T12:27:33 IST" name="testPostUser" data-provider="ExcelData" finished-at="2024-03-15T12:27:35 IST" duration-ms="1750" status="PASS">
          <params>
            <param index="0">
              <value>
                <![CDATA[[Ljava.lang.String;@3e28dc96]]>
              </value>
            </param>
          </params>
          <reporter-output>
          </reporter-output>
        </test-method> <!-- testPostUser -->
        <test-method signature="testDeleteUser([Ljava.lang.String;)[pri:2, instance:api.tests.DataDrivenTest2@47e2e487]" started-at="2024-03-15T12:27:35 IST" name="testDeleteUser" data-provider="idProvider" finished-at="2024-03-15T12:27:36 IST" duration-ms="1676" status="PASS">
          <params>
            <param index="0">
              <value>
                <![CDATA[[Ljava.lang.String;@31940704]]>
              </value>
            </param>
          </params>
          <reporter-output>
          </reporter-output>
        </test-method> <!-- testDeleteUser -->
        <test-method signature="testDeleteUser([Ljava.lang.String;)[pri:2, instance:api.tests.DataDrivenTest2@47e2e487]" started-at="2024-03-15T12:27:36 IST" name="testDeleteUser" data-provider="idProvider" finished-at="2024-03-15T12:27:38 IST" duration-ms="1652" status="PASS">
          <params>
            <param index="0">
              <value>
                <![CDATA[[Ljava.lang.String;@7e81617a]]>
              </value>
            </param>
          </params>
          <reporter-output>
          </reporter-output>
        </test-method> <!-- testDeleteUser -->
        <test-method signature="testDeleteUser([Ljava.lang.String;)[pri:2, instance:api.tests.DataDrivenTest2@47e2e487]" started-at="2024-03-15T12:27:38 IST" name="testDeleteUser" data-provider="idProvider" finished-at="2024-03-15T12:27:40 IST" duration-ms="1752" status="PASS">
          <params>
            <param index="0">
              <value>
                <![CDATA[[Ljava.lang.String;@e07b4db]]>
              </value>
            </param>
          </params>
          <reporter-output>
          </reporter-output>
        </test-method> <!-- testDeleteUser -->
      </class> <!-- api.tests.DataDrivenTest2 -->
    </test> <!-- Default test -->
  </suite> <!-- Default suite -->
</testng-results>
